<?xml version="1.0" encoding="UTF-8"?>
<!-- Generated by org.testng.reporters.JUnitReportReporter -->
<testsuite hostname="DESKTOP-CI3J417" failures="0" tests="12" name="com.demo.qa.testcases.BlueaPron" time="58.830" errors="0" timestamp="2021-07-23T22:16:55 IST" skipped="0">
  <testcase classname="com.demo.qa.testcases.BlueaPron" name="testScriptCall1" time="20.075"/>
  <system-out/>
  <testcase classname="com.demo.qa.testcases.BlueaPron" name="testScriptCall2" time="10.270"/>
  <system-out/>
  <testcase classname="com.demo.qa.testcases.BlueaPron" name="testScriptCall3" time="0.118"/>
  <system-out/>
  <testcase classname="com.demo.qa.testcases.BlueaPron" name="testScriptCall4" time="0.292"/>
  <system-out/>
  <testcase classname="com.demo.qa.testcases.BlueaPron" name="testScriptCall5" time="1.333"/>
  <system-out/>
  <testcase classname="com.demo.qa.testcases.BlueaPron" name="testScriptCall6" time="10.129"/>
  <system-out/>
  <testcase classname="com.demo.qa.testcases.BlueaPron" name="testScriptCall7" time="0.059"/>
  <system-out/>
  <testcase classname="com.demo.qa.testcases.BlueaPron" name="testScriptCall8" time="4.930"/>
  <system-out/>
  <testcase classname="com.demo.qa.testcases.BlueaPron" name="testScriptCall9" time="10.207"/>
  <system-out/>
  <testcase classname="com.demo.qa.testcases.BlueaPron" name="testScriptCall_1" time="0.153"/>
  <system-out/>
  <testcase classname="com.demo.qa.testcases.BlueaPron" name="testScriptCall_2" time="1.172"/>
  <system-out/>
  <testcase classname="com.demo.qa.testcases.BlueaPron" name="testScriptCall_3" time="0.092"/>
  <system-out/>
</testsuite> <!-- com.demo.qa.testcases.BlueaPron -->
