<?xml version="1.0" encoding="UTF-8"?>
<!-- Generated by org.testng.reporters.JUnitReportReporter -->
<testsuite hostname="DESKTOP-C4SN6RD" failures="0" tests="12" name="com.demo.qa.testcases.SanityCases" time="60.781" errors="0" timestamp="2021-07-23T04:07:54 PDT" skipped="0">
  <testcase classname="com.demo.qa.testcases.SanityCases" name="testScriptCall1" time="22.635"/>
  <system-out/>
  <testcase classname="com.demo.qa.testcases.SanityCases" name="testScriptCall2" time="10.278"/>
  <system-out/>
  <testcase classname="com.demo.qa.testcases.SanityCases" name="testScriptCall3" time="0.074"/>
  <system-out/>
  <testcase classname="com.demo.qa.testcases.SanityCases" name="testScriptCall4" time="0.198"/>
  <system-out/>
  <testcase classname="com.demo.qa.testcases.SanityCases" name="testScriptCall5" time="1.170"/>
  <system-out/>
  <testcase classname="com.demo.qa.testcases.SanityCases" name="testScriptCall6" time="10.148"/>
  <system-out/>
  <testcase classname="com.demo.qa.testcases.SanityCases" name="testScriptCall7" time="0.055"/>
  <system-out/>
  <testcase classname="com.demo.qa.testcases.SanityCases" name="testScriptCall8" time="4.595"/>
  <system-out/>
  <testcase classname="com.demo.qa.testcases.SanityCases" name="testScriptCall9" time="10.283"/>
  <system-out/>
  <testcase classname="com.demo.qa.testcases.SanityCases" name="testScriptCall_1" time="0.118"/>
  <system-out/>
  <testcase classname="com.demo.qa.testcases.SanityCases" name="testScriptCall_2" time="1.136"/>
  <system-out/>
  <testcase classname="com.demo.qa.testcases.SanityCases" name="testScriptCall_3" time="0.091"/>
  <system-out/>
</testsuite> <!-- com.demo.qa.testcases.SanityCases -->
