<?xml version="1.0" encoding="UTF-8"?>
<!-- Generated by org.testng.reporters.JUnitReportReporter -->
<testsuite hostname="DESKTOP-CI3J417" failures="0" tests="11" name="com.demo.qa.testcases.Blueapron_Tests" time="100.318" errors="0" timestamp="2021-07-25T09:26:09 IST" skipped="0">
  <testcase classname="com.demo.qa.testcases.Blueapron_Tests" name="testScriptCall1" time="29.656"/>
  <system-out/>
  <testcase classname="com.demo.qa.testcases.Blueapron_Tests" name="testScriptCall2" time="20.768"/>
  <system-out/>
  <testcase classname="com.demo.qa.testcases.Blueapron_Tests" name="testScriptCall3" time="0.090"/>
  <system-out/>
  <testcase classname="com.demo.qa.testcases.Blueapron_Tests" name="testScriptCall4" time="0.274"/>
  <system-out/>
  <testcase classname="com.demo.qa.testcases.Blueapron_Tests" name="testScriptCall5" time="1.210"/>
  <system-out/>
  <testcase classname="com.demo.qa.testcases.Blueapron_Tests" name="testScriptCall6" time="20.202"/>
  <system-out/>
  <testcase classname="com.demo.qa.testcases.Blueapron_Tests" name="testScriptCall7" time="0.098"/>
  <system-out/>
  <testcase classname="com.demo.qa.testcases.Blueapron_Tests" name="testScriptCall8" time="5.606"/>
  <system-out/>
  <testcase classname="com.demo.qa.testcases.Blueapron_Tests" name="testScriptCall9" time="20.998"/>
  <system-out/>
  <testcase classname="com.demo.qa.testcases.Blueapron_Tests" name="testScriptCall_1" time="0.142"/>
  <system-out/>
  <testcase classname="com.demo.qa.testcases.Blueapron_Tests" name="testScriptCall_2" time="1.274"/>
  <system-out/>
</testsuite> <!-- com.demo.qa.testcases.Blueapron_Tests -->
