<?xml version="1.0" encoding="UTF-8"?>
<!-- Generated by org.testng.reporters.JUnitReportReporter -->
<testsuite hostname="DESKTOP-CI3J417" failures="0" tests="11" name="com.demo.qa.testcases.Blueapron_Tests" time="104.126" errors="0" timestamp="2021-07-27T19:42:28 IST" skipped="0">
  <testcase classname="com.demo.qa.testcases.Blueapron_Tests" name="testScriptCall1" time="27.753"/>
  <system-out/>
  <testcase classname="com.demo.qa.testcases.Blueapron_Tests" name="testScriptCall2" time="20.263"/>
  <system-out/>
  <testcase classname="com.demo.qa.testcases.Blueapron_Tests" name="testScriptCall3" time="0.284"/>
  <system-out/>
  <testcase classname="com.demo.qa.testcases.Blueapron_Tests" name="testScriptCall4" time="2.667"/>
  <system-out/>
  <testcase classname="com.demo.qa.testcases.Blueapron_Tests" name="testScriptCall5" time="1.294"/>
  <system-out/>
  <testcase classname="com.demo.qa.testcases.Blueapron_Tests" name="testScriptCall6" time="20.951"/>
  <system-out/>
  <testcase classname="com.demo.qa.testcases.Blueapron_Tests" name="testScriptCall7" time="0.096"/>
  <system-out/>
  <testcase classname="com.demo.qa.testcases.Blueapron_Tests" name="testScriptCall8" time="8.076"/>
  <system-out/>
  <testcase classname="com.demo.qa.testcases.Blueapron_Tests" name="testScriptCall9" time="21.252"/>
  <system-out/>
  <testcase classname="com.demo.qa.testcases.Blueapron_Tests" name="testScriptCall_1" time="0.161"/>
  <system-out/>
  <testcase classname="com.demo.qa.testcases.Blueapron_Tests" name="testScriptCall_2" time="1.329"/>
  <system-out/>
</testsuite> <!-- com.demo.qa.testcases.Blueapron_Tests -->
